[0828/085458.850:ERROR:process_memory_win.cc(73)] ReadMemory at 0x7ff65ff40000 of 64 bytes failed: Only part of a ReadProcessMemory or WriteProcessMemory request was completed. (0x12B)
[0828/085458.851:WARNING:pe_image_reader.cc(340)] could not read dos header from C:\Program Files (x86)\Google\Chrome\Application\chrome.exe
[0828/085458.851:ERROR:process_memory_win.cc(73)] ReadMemory at 0x7ff828920000 of 64 bytes failed: Only part of a ReadProcessMemory or WriteProcessMemory request was completed. (0x12B)
[0828/085458.851:WARNING:pe_image_reader.cc(340)] could not read dos header from C:\WINDOWS\SYSTEM32\ntdll.dll
[0828/085458.851:ERROR:process_memory_win.cc(73)] ReadMemory at 0x7ff827cb0000 of 64 bytes failed: Only part of a ReadProcessMemory or WriteProcessMemory request was completed. (0x12B)
[0828/085458.852:WARNING:pe_image_reader.cc(340)] could not read dos header from C:\WINDOWS\System32\KERNEL32.DLL
[0828/085458.852:ERROR:process_memory_win.cc(73)] ReadMemory at 0x7ff8258a0000 of 64 bytes failed: Only part of a ReadProcessMemory or WriteProcessMemory request was completed. (0x12B)
[0828/085458.852:WARNING:pe_image_reader.cc(340)] could not read dos header from C:\WINDOWS\System32\KERNELBASE.dll
[0828/085458.852:ERROR:process_memory_win.cc(73)] ReadMemory at 0x7ff805aa0000 of 64 bytes failed: Only part of a ReadProcessMemory or WriteProcessMemory request was completed. (0x12B)
[0828/085458.852:WARNING:pe_image_reader.cc(340)] could not read dos header from C:\Program Files (x86)\Google\Chrome\Application\84.0.4147.135\chrome_elf.dll
[0828/085458.852:ERROR:process_memory_win.cc(73)] ReadMemory at 0x7ff820850000 of 64 bytes failed: Only part of a ReadProcessMemory or WriteProcessMemory request was completed. (0x12B)
[0828/085458.852:WARNING:pe_image_reader.cc(340)] could not read dos header from C:\WINDOWS\SYSTEM32\VERSION.dll
[0828/085458.852:ERROR:process_memory_win.cc(73)] ReadMemory at 0x7ff828440000 of 64 bytes failed: Only part of a ReadProcessMemory or WriteProcessMemory request was completed. (0x12B)
[0828/085458.852:WARNING:pe_image_reader.cc(340)] could not read dos header from C:\WINDOWS\System32\msvcrt.dll
[0828/085458.853:ERROR:process_memory_win.cc(73)] ReadMemory at 0x7ff826570000 of 64 bytes failed: Only part of a ReadProcessMemory or WriteProcessMemory request was completed. (0x12B)
[0828/085458.853:WARNING:pe_image_reader.cc(340)] could not read dos header from C:\WINDOWS\System32\bcryptPrimitives.dll
[0828/085458.853:ERROR:process_memory_win.cc(73)] ReadMemory at 0x7ff827360000 of 64 bytes failed: Only part of a ReadProcessMemory or WriteProcessMemory request was completed. (0x12B)
[0828/085458.853:WARNING:pe_image_reader.cc(340)] could not read dos header from C:\WINDOWS\System32\ADVAPI32.dll
[0828/085458.853:ERROR:process_memory_win.cc(73)] ReadMemory at 0x7ff826ae0000 of 64 bytes failed: Only part of a ReadProcessMemory or WriteProcessMemory request was completed. (0x12B)
[0828/085458.853:WARNING:pe_image_reader.cc(340)] could not read dos header from C:\WINDOWS\System32\sechost.dll
[0828/085458.853:ERROR:process_memory_win.cc(73)] ReadMemory at 0x7ff827b90000 of 64 bytes failed: Only part of a ReadProcessMemory or WriteProcessMemory request was completed. (0x12B)
[0828/085458.853:WARNING:pe_image_reader.cc(340)] could not read dos header from C:\WINDOWS\System32\RPCRT4.dll
[0828/085458.853:ERROR:process_memory_win.cc(73)] ReadMemory at 0x7fffba4f0000 of 64 bytes failed: Only part of a ReadProcessMemory or WriteProcessMemory request was completed. (0x12B)
[0828/085458.853:WARNING:pe_image_reader.cc(340)] could not read dos header from C:\Program Files (x86)\Google\Chrome\Application\84.0.4147.135\chrome.dll
[0828/085458.853:ERROR:process_memory_win.cc(73)] ReadMemory at 0x7ff827b00000 of 64 bytes failed: Only part of a ReadProcessMemory or WriteProcessMemory request was completed. (0x12B)
[0828/085458.853:WARNING:pe_image_reader.cc(340)] could not read dos header from C:\WINDOWS\System32\WS2_32.dll
[0828/085458.853:ERROR:process_memory_win.cc(73)] ReadMemory at 0x7ff828370000 of 64 bytes failed: Only part of a ReadProcessMemory or WriteProcessMemory request was completed. (0x12B)
[0828/085458.853:WARNING:pe_image_reader.cc(340)] could not read dos header from C:\WINDOWS\System32\OLEAUT32.dll
[0828/085458.853:ERROR:process_memory_win.cc(73)] ReadMemory at 0x7ff826480000 of 64 bytes failed: Only part of a ReadProcessMemory or WriteProcessMemory request was completed. (0x12B)
[0828/085458.853:WARNING:pe_image_reader.cc(340)] could not read dos header from C:\WINDOWS\System32\msvcp_win.dll
[0828/085458.853:ERROR:process_memory_win.cc(73)] ReadMemory at 0x7ff8266d0000 of 64 bytes failed: Only part of a ReadProcessMemory or WriteProcessMemory request was completed. (0x12B)
[0828/085458.854:WARNING:pe_image_reader.cc(340)] could not read dos header from C:\WINDOWS\System32\ucrtbase.dll
[0828/085458.854:ERROR:process_memory_win.cc(73)] ReadMemory at 0x7ff8284e0000 of 64 bytes failed: Only part of a ReadProcessMemory or WriteProcessMemory request was completed. (0x12B)
[0828/085458.854:WARNING:pe_image_reader.cc(340)] could not read dos header from C:\WINDOWS\System32\combase.dll
[0828/085458.854:ERROR:process_memory_win.cc(73)] ReadMemory at 0x7ff826620000 of 64 bytes failed: Only part of a ReadProcessMemory or WriteProcessMemory request was completed. (0x12B)
[0828/085458.854:WARNING:pe_image_reader.cc(340)] could not read dos header from C:\WINDOWS\System32\WINTRUST.dll
[0828/085458.854:ERROR:process_memory_win.cc(73)] ReadMemory at 0x7ff825880000 of 64 bytes failed: Only part of a ReadProcessMemory or WriteProcessMemory request was completed. (0x12B)
[0828/085458.854:WARNING:pe_image_reader.cc(340)] could not read dos header from C:\WINDOWS\System32\MSASN1.dll
[0828/085458.854:ERROR:process_memory_win.cc(73)] ReadMemory at 0x7ff826880000 of 64 bytes failed: Only part of a ReadProcessMemory or WriteProcessMemory request was completed. (0x12B)
[0828/085458.854:WARNING:pe_image_reader.cc(340)] could not read dos header from C:\WINDOWS\System32\CRYPT32.dll
[0828/085458.854:ERROR:process_memory_win.cc(73)] ReadMemory at 0x7ff824ce0000 of 64 bytes failed: Only part of a ReadProcessMemory or WriteProcessMemory request was completed. (0x12B)
[0828/085458.854:WARNING:pe_image_reader.cc(340)] could not read dos header from C:\WINDOWS\SYSTEM32\IPHLPAPI.DLL
[0828/085458.854:ERROR:process_memory_win.cc(73)] ReadMemory at 0x7ff821300000 of 64 bytes failed: Only part of a ReadProcessMemory or WriteProcessMemory request was completed. (0x12B)
[0828/085458.854:WARNING:pe_image_reader.cc(340)] could not read dos header from C:\WINDOWS\SYSTEM32\WINMM.dll
[0828/085458.854:ERROR:process_memory_win.cc(73)] ReadMemory at 0x7ff8135d0000 of 64 bytes failed: Only part of a ReadProcessMemory or WriteProcessMemory request was completed. (0x12B)
[0828/085458.854:WARNING:pe_image_reader.cc(340)] could not read dos header from C:\WINDOWS\SYSTEM32\Secur32.dll
[0828/085458.854:ERROR:process_memory_win.cc(73)] ReadMemory at 0x7ff8256c0000 of 64 bytes failed: Only part of a ReadProcessMemory or WriteProcessMemory request was completed. (0x12B)
[0828/085458.854:WARNING:pe_image_reader.cc(340)] could not read dos header from C:\WINDOWS\SYSTEM32\USERENV.dll
[0828/085458.854:ERROR:process_memory_win.cc(73)] ReadMemory at 0x7ff825830000 of 64 bytes failed: Only part of a ReadProcessMemory or WriteProcessMemory request was completed. (0x12B)
[0828/085458.855:WARNING:pe_image_reader.cc(340)] could not read dos header from C:\WINDOWS\System32\profapi.dll
[0828/085458.855:ERROR:process_memory_win.cc(73)] ReadMemory at 0x7ffffe930000 of 64 bytes failed: Only part of a ReadProcessMemory or WriteProcessMemory request was completed. (0x12B)
[0828/085458.855:WARNING:pe_image_reader.cc(340)] could not read dos header from C:\WINDOWS\SYSTEM32\UIAutomationCore.DLL
[0828/085458.855:ERROR:process_memory_win.cc(73)] ReadMemory at 0x7ff8147c0000 of 64 bytes failed: Only part of a ReadProcessMemory or WriteProcessMemory request was completed. (0x12B)
[0828/085458.855:WARNING:pe_image_reader.cc(340)] could not read dos header from C:\WINDOWS\SYSTEM32\DWrite.dll
[0828/085458.855:ERROR:process_memory_win.cc(73)] ReadMemory at 0x7ff81c1f0000 of 64 bytes failed: Only part of a ReadProcessMemory or WriteProcessMemory request was completed. (0x12B)
[0828/085458.900:WARNING:pe_image_reader.cc(340)] could not read dos header from C:\WINDOWS\SYSTEM32\WINSPOOL.DRV
[0828/085458.900:ERROR:process_memory_win.cc(73)] ReadMemory at 0x7ff825860000 of 64 bytes failed: Only part of a ReadProcessMemory or WriteProcessMemory request was completed. (0x12B)
[0828/085458.900:WARNING:pe_image_reader.cc(340)] could not read dos header from C:\WINDOWS\System32\kernel.appcore.dll
[0828/085458.900:ERROR:process_memory_win.cc(73)] ReadMemory at 0x7ff826680000 of 64 bytes failed: Only part of a ReadProcessMemory or WriteProcessMemory request was completed. (0x12B)
[0828/085458.900:WARNING:pe_image_reader.cc(340)] could not read dos header from C:\WINDOWS\System32\bcrypt.dll
[0828/085458.900:ERROR:process_memory_win.cc(73)] ReadMemory at 0x7ff823f60000 of 64 bytes failed: Only part of a ReadProcessMemory or WriteProcessMemory request was completed. (0x12B)
[0828/085458.900:WARNING:pe_image_reader.cc(340)] could not read dos header from C:\WINDOWS\SYSTEM32\dbghelp.dll
[0828/085458.900:ERROR:process_memory_win.cc(73)] ReadMemory at 0x7ff81af20000 of 64 bytes failed: Only part of a ReadProcessMemory or WriteProcessMemory request was completed. (0x12B)
[0828/085458.901:WARNING:pe_image_reader.cc(340)] could not read dos header from C:\WINDOWS\SYSTEM32\WINHTTP.dll
[0828/085458.901:ERROR:process_memory_win.cc(73)] ReadMemory at 0x7ff81c580000 of 64 bytes failed: Only part of a ReadProcessMemory or WriteProcessMemory request was completed. (0x12B)
[0828/085458.901:WARNING:pe_image_reader.cc(340)] could not read dos header from C:\WINDOWS\SYSTEM32\dhcpcsvc.DLL
[0828/085458.901:ERROR:process_memory_win.cc(73)] ReadMemory at 0x7ff828360000 of 64 bytes failed: Only part of a ReadProcessMemory or WriteProcessMemory request was completed. (0x12B)
[0828/085458.901:WARNING:pe_image_reader.cc(340)] could not read dos header from C:\WINDOWS\System32\NSI.dll
[0828/085458.901:ERROR:process_memory_win.cc(73)] ReadMemory at 0x7ff8208e0000 of 64 bytes failed: Only part of a ReadProcessMemory or WriteProcessMemory request was completed. (0x12B)
[0828/085458.901:WARNING:pe_image_reader.cc(340)] could not read dos header from C:\WINDOWS\SYSTEM32\WINMMBASE.dll
[0828/085458.901:ERROR:process_memory_win.cc(73)] ReadMemory at 0x7ff826520000 of 64 bytes failed: Only part of a ReadProcessMemory or WriteProcessMemory request was completed. (0x12B)
[0828/085458.901:WARNING:pe_image_reader.cc(340)] could not read dos header from C:\WINDOWS\System32\cfgmgr32.dll
[0828/085458.901:ERROR:process_memory_win.cc(73)] ReadMemory at 0x7ff821b80000 of 64 bytes failed: Only part of a ReadProcessMemory or WriteProcessMemory request was completed. (0x12B)
[0828/085458.901:WARNING:pe_image_reader.cc(340)] could not read dos header from C:\WINDOWS\SYSTEM32\PROPSYS.dll
[0828/085458.901:ERROR:process_memory_win.cc(73)] ReadMemory at 0x7ff827850000 of 64 bytes failed: Only part of a ReadProcessMemory or WriteProcessMemory request was completed. (0x12B)
[0828/085458.901:WARNING:pe_image_reader.cc(340)] could not read dos header from C:\WINDOWS\System32\shcore.dll
[0828/085458.901:ERROR:process_memory_win.cc(73)] ReadMemory at 0x7ff8256f0000 of 64 bytes failed: Only part of a ReadProcessMemory or WriteProcessMemory request was completed. (0x12B)
[0828/085458.901:WARNING:pe_image_reader.cc(340)] could not read dos header from C:\WINDOWS\SYSTEM32\SSPICLI.DLL
[0828/085458.901:ERROR:process_memory_win.cc(73)] ReadMemory at 0x7ff8251a0000 of 64 bytes failed: Only part of a ReadProcessMemory or WriteProcessMemory request was completed. (0x12B)
[0828/085458.901:WARNING:pe_image_reader.cc(340)] could not read dos header from C:\WINDOWS\SYSTEM32\CRYPTBASE.DLL
[0828/085458.904:ERROR:process_memory_win.cc(73)] ReadMemory at 0x7ff65ff40000 of 64 bytes failed: Only part of a ReadProcessMemory or WriteProcessMemory request was completed. (0x12B)
[0828/085458.904:WARNING:pe_image_reader.cc(340)] could not read dos header from C:\Program Files (x86)\Google\Chrome\Application\chrome.exe
[0828/085458.904:ERROR:process_memory_win.cc(73)] ReadMemory at 0x7ff828920000 of 64 bytes failed: Only part of a ReadProcessMemory or WriteProcessMemory request was completed. (0x12B)
[0828/085458.904:WARNING:pe_image_reader.cc(340)] could not read dos header from C:\WINDOWS\SYSTEM32\ntdll.dll
[0828/085458.905:ERROR:process_memory_win.cc(73)] ReadMemory at 0x7ff827cb0000 of 64 bytes failed: Only part of a ReadProcessMemory or WriteProcessMemory request was completed. (0x12B)
[0828/085458.905:WARNING:pe_image_reader.cc(340)] could not read dos header from C:\WINDOWS\System32\KERNEL32.DLL
[0828/085458.905:ERROR:process_memory_win.cc(73)] ReadMemory at 0x7ff8258a0000 of 64 bytes failed: Only part of a ReadProcessMemory or WriteProcessMemory request was completed. (0x12B)
[0828/085458.905:WARNING:pe_image_reader.cc(340)] could not read dos header from C:\WINDOWS\System32\KERNELBASE.dll
[0828/085458.905:ERROR:process_memory_win.cc(73)] ReadMemory at 0x7ff805aa0000 of 64 bytes failed: Only part of a ReadProcessMemory or WriteProcessMemory request was completed. (0x12B)
[0828/085458.905:WARNING:pe_image_reader.cc(340)] could not read dos header from C:\Program Files (x86)\Google\Chrome\Application\84.0.4147.135\chrome_elf.dll
[0828/085458.905:ERROR:process_memory_win.cc(73)] ReadMemory at 0x7ff820850000 of 64 bytes failed: Only part of a ReadProcessMemory or WriteProcessMemory request was completed. (0x12B)
[0828/085458.905:WARNING:pe_image_reader.cc(340)] could not read dos header from C:\WINDOWS\SYSTEM32\VERSION.dll
[0828/085458.905:ERROR:process_memory_win.cc(73)] ReadMemory at 0x7ff828440000 of 64 bytes failed: Only part of a ReadProcessMemory or WriteProcessMemory request was completed. (0x12B)
[0828/085458.905:WARNING:pe_image_reader.cc(340)] could not read dos header from C:\WINDOWS\System32\msvcrt.dll
[0828/085458.905:ERROR:process_memory_win.cc(73)] ReadMemory at 0x7ff826570000 of 64 bytes failed: Only part of a ReadProcessMemory or WriteProcessMemory request was completed. (0x12B)
[0828/085458.905:WARNING:pe_image_reader.cc(340)] could not read dos header from C:\WINDOWS\System32\bcryptPrimitives.dll
[0828/085458.905:ERROR:process_memory_win.cc(73)] ReadMemory at 0x7ff827360000 of 64 bytes failed: Only part of a ReadProcessMemory or WriteProcessMemory request was completed. (0x12B)
[0828/085458.905:WARNING:pe_image_reader.cc(340)] could not read dos header from C:\WINDOWS\System32\ADVAPI32.dll
[0828/085458.905:ERROR:process_memory_win.cc(73)] ReadMemory at 0x7ff826ae0000 of 64 bytes failed: Only part of a ReadProcessMemory or WriteProcessMemory request was completed. (0x12B)
[0828/085458.905:WARNING:pe_image_reader.cc(340)] could not read dos header from C:\WINDOWS\System32\sechost.dll
[0828/085458.905:ERROR:process_memory_win.cc(73)] ReadMemory at 0x7ff827b90000 of 64 bytes failed: Only part of a ReadProcessMemory or WriteProcessMemory request was completed. (0x12B)
[0828/085458.905:WARNING:pe_image_reader.cc(340)] could not read dos header from C:\WINDOWS\System32\RPCRT4.dll
[0828/085458.905:ERROR:process_memory_win.cc(73)] ReadMemory at 0x7fffba4f0000 of 64 bytes failed: Only part of a ReadProcessMemory or WriteProcessMemory request was completed. (0x12B)
[0828/085458.905:WARNING:pe_image_reader.cc(340)] could not read dos header from C:\Program Files (x86)\Google\Chrome\Application\84.0.4147.135\chrome.dll
[0828/085458.905:ERROR:process_memory_win.cc(73)] ReadMemory at 0x7ff827b00000 of 64 bytes failed: Only part of a ReadProcessMemory or WriteProcessMemory request was completed. (0x12B)
[0828/085458.905:WARNING:pe_image_reader.cc(340)] could not read dos header from C:\WINDOWS\System32\WS2_32.dll
[0828/085458.905:ERROR:process_memory_win.cc(73)] ReadMemory at 0x7ff828370000 of 64 bytes failed: Only part of a ReadProcessMemory or WriteProcessMemory request was completed. (0x12B)
[0828/085458.905:WARNING:pe_image_reader.cc(340)] could not read dos header from C:\WINDOWS\System32\OLEAUT32.dll
[0828/085458.905:ERROR:process_memory_win.cc(73)] ReadMemory at 0x7ff826480000 of 64 bytes failed: Only part of a ReadProcessMemory or WriteProcessMemory request was completed. (0x12B)
[0828/085458.906:WARNING:pe_image_reader.cc(340)] could not read dos header from C:\WINDOWS\System32\msvcp_win.dll
[0828/085458.906:ERROR:process_memory_win.cc(73)] ReadMemory at 0x7ff8266d0000 of 64 bytes failed: Only part of a ReadProcessMemory or WriteProcessMemory request was completed. (0x12B)
[0828/085458.906:WARNING:pe_image_reader.cc(340)] could not read dos header from C:\WINDOWS\System32\ucrtbase.dll
[0828/085458.906:ERROR:process_memory_win.cc(73)] ReadMemory at 0x7ff8284e0000 of 64 bytes failed: Only part of a ReadProcessMemory or WriteProcessMemory request was completed. (0x12B)
[0828/085458.906:WARNING:pe_image_reader.cc(340)] could not read dos header from C:\WINDOWS\System32\combase.dll
[0828/085458.906:ERROR:process_memory_win.cc(73)] ReadMemory at 0x7ff826620000 of 64 bytes failed: Only part of a ReadProcessMemory or WriteProcessMemory request was completed. (0x12B)
[0828/085458.906:WARNING:pe_image_reader.cc(340)] could not read dos header from C:\WINDOWS\System32\WINTRUST.dll
[0828/085458.906:ERROR:process_memory_win.cc(73)] ReadMemory at 0x7ff825880000 of 64 bytes failed: Only part of a ReadProcessMemory or WriteProcessMemory request was completed. (0x12B)
[0828/085458.906:WARNING:pe_image_reader.cc(340)] could not read dos header from C:\WINDOWS\System32\MSASN1.dll
[0828/085458.906:ERROR:process_memory_win.cc(73)] ReadMemory at 0x7ff826880000 of 64 bytes failed: Only part of a ReadProcessMemory or WriteProcessMemory request was completed. (0x12B)
[0828/085458.906:WARNING:pe_image_reader.cc(340)] could not read dos header from C:\WINDOWS\System32\CRYPT32.dll
[0828/085458.906:ERROR:process_memory_win.cc(73)] ReadMemory at 0x7ff824ce0000 of 64 bytes failed: Only part of a ReadProcessMemory or WriteProcessMemory request was completed. (0x12B)
[0828/085458.906:WARNING:pe_image_reader.cc(340)] could not read dos header from C:\WINDOWS\SYSTEM32\IPHLPAPI.DLL
[0828/085458.906:ERROR:process_memory_win.cc(73)] ReadMemory at 0x7ff821300000 of 64 bytes failed: Only part of a ReadProcessMemory or WriteProcessMemory request was completed. (0x12B)
[0828/085458.906:WARNING:pe_image_reader.cc(340)] could not read dos header from C:\WINDOWS\SYSTEM32\WINMM.dll
[0828/085458.906:ERROR:process_memory_win.cc(73)] ReadMemory at 0x7ff8135d0000 of 64 bytes failed: Only part of a ReadProcessMemory or WriteProcessMemory request was completed. (0x12B)
[0828/085458.906:WARNING:pe_image_reader.cc(340)] could not read dos header from C:\WINDOWS\SYSTEM32\Secur32.dll
[0828/085458.906:ERROR:process_memory_win.cc(73)] ReadMemory at 0x7ff8256c0000 of 64 bytes failed: Only part of a ReadProcessMemory or WriteProcessMemory request was completed. (0x12B)
[0828/085458.906:WARNING:pe_image_reader.cc(340)] could not read dos header from C:\WINDOWS\SYSTEM32\USERENV.dll
[0828/085458.906:ERROR:process_memory_win.cc(73)] ReadMemory at 0x7ff825830000 of 64 bytes failed: Only part of a ReadProcessMemory or WriteProcessMemory request was completed. (0x12B)
[0828/085458.906:WARNING:pe_image_reader.cc(340)] could not read dos header from C:\WINDOWS\System32\profapi.dll
[0828/085458.906:ERROR:process_memory_win.cc(73)] ReadMemory at 0x7ffffe930000 of 64 bytes failed: Only part of a ReadProcessMemory or WriteProcessMemory request was completed. (0x12B)
[0828/085458.906:WARNING:pe_image_reader.cc(340)] could not read dos header from C:\WINDOWS\SYSTEM32\UIAutomationCore.DLL
[0828/085458.906:ERROR:process_memory_win.cc(73)] ReadMemory at 0x7ff8147c0000 of 64 bytes failed: Only part of a ReadProcessMemory or WriteProcessMemory request was completed. (0x12B)
[0828/085458.906:WARNING:pe_image_reader.cc(340)] could not read dos header from C:\WINDOWS\SYSTEM32\DWrite.dll
[0828/085458.906:ERROR:process_memory_win.cc(73)] ReadMemory at 0x7ff81c1f0000 of 64 bytes failed: Only part of a ReadProcessMemory or WriteProcessMemory request was completed. (0x12B)
[0828/085458.906:WARNING:pe_image_reader.cc(340)] could not read dos header from C:\WINDOWS\SYSTEM32\WINSPOOL.DRV
[0828/085458.907:ERROR:process_memory_win.cc(73)] ReadMemory at 0x7ff825860000 of 64 bytes failed: Only part of a ReadProcessMemory or WriteProcessMemory request was completed. (0x12B)
[0828/085458.907:WARNING:pe_image_reader.cc(340)] could not read dos header from C:\WINDOWS\System32\kernel.appcore.dll
[0828/085458.907:ERROR:process_memory_win.cc(73)] ReadMemory at 0x7ff826680000 of 64 bytes failed: Only part of a ReadProcessMemory or WriteProcessMemory request was completed. (0x12B)
[0828/085458.907:WARNING:pe_image_reader.cc(340)] could not read dos header from C:\WINDOWS\System32\bcrypt.dll
[0828/085458.907:ERROR:process_memory_win.cc(73)] ReadMemory at 0x7ff823f60000 of 64 bytes failed: Only part of a ReadProcessMemory or WriteProcessMemory request was completed. (0x12B)
[0828/085458.907:WARNING:pe_image_reader.cc(340)] could not read dos header from C:\WINDOWS\SYSTEM32\dbghelp.dll
[0828/085458.907:ERROR:process_memory_win.cc(73)] ReadMemory at 0x7ff81af20000 of 64 bytes failed: Only part of a ReadProcessMemory or WriteProcessMemory request was completed. (0x12B)
[0828/085458.907:WARNING:pe_image_reader.cc(340)] could not read dos header from C:\WINDOWS\SYSTEM32\WINHTTP.dll
[0828/085458.907:ERROR:process_memory_win.cc(73)] ReadMemory at 0x7ff81c580000 of 64 bytes failed: Only part of a ReadProcessMemory or WriteProcessMemory request was completed. (0x12B)
[0828/085458.907:WARNING:pe_image_reader.cc(340)] could not read dos header from C:\WINDOWS\SYSTEM32\dhcpcsvc.DLL
[0828/085458.907:ERROR:process_memory_win.cc(73)] ReadMemory at 0x7ff828360000 of 64 bytes failed: Only part of a ReadProcessMemory or WriteProcessMemory request was completed. (0x12B)
[0828/085458.907:WARNING:pe_image_reader.cc(340)] could not read dos header from C:\WINDOWS\System32\NSI.dll
[0828/085458.907:ERROR:process_memory_win.cc(73)] ReadMemory at 0x7ff8208e0000 of 64 bytes failed: Only part of a ReadProcessMemory or WriteProcessMemory request was completed. (0x12B)
[0828/085458.907:WARNING:pe_image_reader.cc(340)] could not read dos header from C:\WINDOWS\SYSTEM32\WINMMBASE.dll
[0828/085458.907:ERROR:process_memory_win.cc(73)] ReadMemory at 0x7ff826520000 of 64 bytes failed: Only part of a ReadProcessMemory or WriteProcessMemory request was completed. (0x12B)
[0828/085458.907:WARNING:pe_image_reader.cc(340)] could not read dos header from C:\WINDOWS\System32\cfgmgr32.dll
[0828/085458.907:ERROR:process_memory_win.cc(73)] ReadMemory at 0x7ff821b80000 of 64 bytes failed: Only part of a ReadProcessMemory or WriteProcessMemory request was completed. (0x12B)
[0828/085458.907:WARNING:pe_image_reader.cc(340)] could not read dos header from C:\WINDOWS\SYSTEM32\PROPSYS.dll
[0828/085458.907:ERROR:process_memory_win.cc(73)] ReadMemory at 0x7ff827850000 of 64 bytes failed: Only part of a ReadProcessMemory or WriteProcessMemory request was completed. (0x12B)
[0828/085458.907:WARNING:pe_image_reader.cc(340)] could not read dos header from C:\WINDOWS\System32\shcore.dll
[0828/085458.907:ERROR:process_memory_win.cc(73)] ReadMemory at 0x7ff8256f0000 of 64 bytes failed: Only part of a ReadProcessMemory or WriteProcessMemory request was completed. (0x12B)
[0828/085458.907:WARNING:pe_image_reader.cc(340)] could not read dos header from C:\WINDOWS\SYSTEM32\SSPICLI.DLL
[0828/085458.907:ERROR:process_memory_win.cc(73)] ReadMemory at 0x7ff8251a0000 of 64 bytes failed: Only part of a ReadProcessMemory or WriteProcessMemory request was completed. (0x12B)
[0828/085458.907:WARNING:pe_image_reader.cc(340)] could not read dos header from C:\WINDOWS\SYSTEM32\CRYPTBASE.DLL
[0828/085458.907:ERROR:process_memory_win.cc(73)] ReadMemory at 0x7ff65ff40000 of 64 bytes failed: Only part of a ReadProcessMemory or WriteProcessMemory request was completed. (0x12B)
[0828/085458.907:WARNING:pe_image_reader.cc(340)] could not read dos header from C:\Program Files (x86)\Google\Chrome\Application\chrome.exe
[0828/085458.907:ERROR:process_memory_win.cc(73)] ReadMemory at 0x7ff828920000 of 64 bytes failed: Only part of a ReadProcessMemory or WriteProcessMemory request was completed. (0x12B)
[0828/085458.907:WARNING:pe_image_reader.cc(340)] could not read dos header from C:\WINDOWS\SYSTEM32\ntdll.dll
[0828/085458.908:ERROR:process_memory_win.cc(73)] ReadMemory at 0x7ff827cb0000 of 64 bytes failed: Only part of a ReadProcessMemory or WriteProcessMemory request was completed. (0x12B)
[0828/085458.908:WARNING:pe_image_reader.cc(340)] could not read dos header from C:\WINDOWS\System32\KERNEL32.DLL
[0828/085458.908:ERROR:process_memory_win.cc(73)] ReadMemory at 0x7ff8258a0000 of 64 bytes failed: Only part of a ReadProcessMemory or WriteProcessMemory request was completed. (0x12B)
[0828/085458.908:WARNING:pe_image_reader.cc(340)] could not read dos header from C:\WINDOWS\System32\KERNELBASE.dll
[0828/085458.908:ERROR:process_memory_win.cc(73)] ReadMemory at 0x7ff805aa0000 of 64 bytes failed: Only part of a ReadProcessMemory or WriteProcessMemory request was completed. (0x12B)
[0828/085458.908:WARNING:pe_image_reader.cc(340)] could not read dos header from C:\Program Files (x86)\Google\Chrome\Application\84.0.4147.135\chrome_elf.dll
[0828/085458.908:ERROR:process_memory_win.cc(73)] ReadMemory at 0x7ff820850000 of 64 bytes failed: Only part of a ReadProcessMemory or WriteProcessMemory request was completed. (0x12B)
[0828/085458.908:WARNING:pe_image_reader.cc(340)] could not read dos header from C:\WINDOWS\SYSTEM32\VERSION.dll
[0828/085458.908:ERROR:process_memory_win.cc(73)] ReadMemory at 0x7ff828440000 of 64 bytes failed: Only part of a ReadProcessMemory or WriteProcessMemory request was completed. (0x12B)
[0828/085458.908:WARNING:pe_image_reader.cc(340)] could not read dos header from C:\WINDOWS\System32\msvcrt.dll
[0828/085458.908:ERROR:process_memory_win.cc(73)] ReadMemory at 0x7ff826570000 of 64 bytes failed: Only part of a ReadProcessMemory or WriteProcessMemory request was completed. (0x12B)
[0828/085458.908:WARNING:pe_image_reader.cc(340)] could not read dos header from C:\WINDOWS\System32\bcryptPrimitives.dll
[0828/085458.908:ERROR:process_memory_win.cc(73)] ReadMemory at 0x7ff827360000 of 64 bytes failed: Only part of a ReadProcessMemory or WriteProcessMemory request was completed. (0x12B)
[0828/085458.908:WARNING:pe_image_reader.cc(340)] could not read dos header from C:\WINDOWS\System32\ADVAPI32.dll
[0828/085458.908:ERROR:process_memory_win.cc(73)] ReadMemory at 0x7ff826ae0000 of 64 bytes failed: Only part of a ReadProcessMemory or WriteProcessMemory request was completed. (0x12B)
[0828/085458.908:WARNING:pe_image_reader.cc(340)] could not read dos header from C:\WINDOWS\System32\sechost.dll
[0828/085458.908:ERROR:process_memory_win.cc(73)] ReadMemory at 0x7ff827b90000 of 64 bytes failed: Only part of a ReadProcessMemory or WriteProcessMemory request was completed. (0x12B)
[0828/085458.908:WARNING:pe_image_reader.cc(340)] could not read dos header from C:\WINDOWS\System32\RPCRT4.dll
[0828/085458.908:ERROR:process_memory_win.cc(73)] ReadMemory at 0x7fffba4f0000 of 64 bytes failed: Only part of a ReadProcessMemory or WriteProcessMemory request was completed. (0x12B)
[0828/085458.908:WARNING:pe_image_reader.cc(340)] could not read dos header from C:\Program Files (x86)\Google\Chrome\Application\84.0.4147.135\chrome.dll
[0828/085458.908:ERROR:process_memory_win.cc(73)] ReadMemory at 0x7ff827b00000 of 64 bytes failed: Only part of a ReadProcessMemory or WriteProcessMemory request was completed. (0x12B)
[0828/085458.908:WARNING:pe_image_reader.cc(340)] could not read dos header from C:\WINDOWS\System32\WS2_32.dll
[0828/085458.908:ERROR:process_memory_win.cc(73)] ReadMemory at 0x7ff828370000 of 64 bytes failed: Only part of a ReadProcessMemory or WriteProcessMemory request was completed. (0x12B)
[0828/085458.908:WARNING:pe_image_reader.cc(340)] could not read dos header from C:\WINDOWS\System32\OLEAUT32.dll
[0828/085458.908:ERROR:process_memory_win.cc(73)] ReadMemory at 0x7ff826480000 of 64 bytes failed: Only part of a ReadProcessMemory or WriteProcessMemory request was completed. (0x12B)
[0828/085458.908:WARNING:pe_image_reader.cc(340)] could not read dos header from C:\WINDOWS\System32\msvcp_win.dll
[0828/085458.908:ERROR:process_memory_win.cc(73)] ReadMemory at 0x7ff8266d0000 of 64 bytes failed: Only part of a ReadProcessMemory or WriteProcessMemory request was completed. (0x12B)
[0828/085458.908:WARNING:pe_image_reader.cc(340)] could not read dos header from C:\WINDOWS\System32\ucrtbase.dll
[0828/085458.908:ERROR:process_memory_win.cc(73)] ReadMemory at 0x7ff8284e0000 of 64 bytes failed: Only part of a ReadProcessMemory or WriteProcessMemory request was completed. (0x12B)
[0828/085458.908:WARNING:pe_image_reader.cc(340)] could not read dos header from C:\WINDOWS\System32\combase.dll
[0828/085458.909:ERROR:process_memory_win.cc(73)] ReadMemory at 0x7ff826620000 of 64 bytes failed: Only part of a ReadProcessMemory or WriteProcessMemory request was completed. (0x12B)
[0828/085458.909:WARNING:pe_image_reader.cc(340)] could not read dos header from C:\WINDOWS\System32\WINTRUST.dll
[0828/085458.909:ERROR:process_memory_win.cc(73)] ReadMemory at 0x7ff825880000 of 64 bytes failed: Only part of a ReadProcessMemory or WriteProcessMemory request was completed. (0x12B)
[0828/085458.909:WARNING:pe_image_reader.cc(340)] could not read dos header from C:\WINDOWS\System32\MSASN1.dll
[0828/085458.909:ERROR:process_memory_win.cc(73)] ReadMemory at 0x7ff826880000 of 64 bytes failed: Only part of a ReadProcessMemory or WriteProcessMemory request was completed. (0x12B)
[0828/085458.909:WARNING:pe_image_reader.cc(340)] could not read dos header from C:\WINDOWS\System32\CRYPT32.dll
[0828/085458.909:ERROR:process_memory_win.cc(73)] ReadMemory at 0x7ff824ce0000 of 64 bytes failed: Only part of a ReadProcessMemory or WriteProcessMemory request was completed. (0x12B)
[0828/085458.909:WARNING:pe_image_reader.cc(340)] could not read dos header from C:\WINDOWS\SYSTEM32\IPHLPAPI.DLL
[0828/085458.909:ERROR:process_memory_win.cc(73)] ReadMemory at 0x7ff821300000 of 64 bytes failed: Only part of a ReadProcessMemory or WriteProcessMemory request was completed. (0x12B)
[0828/085458.909:WARNING:pe_image_reader.cc(340)] could not read dos header from C:\WINDOWS\SYSTEM32\WINMM.dll
[0828/085458.909:ERROR:process_memory_win.cc(73)] ReadMemory at 0x7ff8135d0000 of 64 bytes failed: Only part of a ReadProcessMemory or WriteProcessMemory request was completed. (0x12B)
[0828/085458.909:WARNING:pe_image_reader.cc(340)] could not read dos header from C:\WINDOWS\SYSTEM32\Secur32.dll
[0828/085458.909:ERROR:process_memory_win.cc(73)] ReadMemory at 0x7ff8256c0000 of 64 bytes failed: Only part of a ReadProcessMemory or WriteProcessMemory request was completed. (0x12B)
[0828/085458.909:WARNING:pe_image_reader.cc(340)] could not read dos header from C:\WINDOWS\SYSTEM32\USERENV.dll
[0828/085458.909:ERROR:process_memory_win.cc(73)] ReadMemory at 0x7ff825830000 of 64 bytes failed: Only part of a ReadProcessMemory or WriteProcessMemory request was completed. (0x12B)
[0828/085458.909:WARNING:pe_image_reader.cc(340)] could not read dos header from C:\WINDOWS\System32\profapi.dll
[0828/085458.909:ERROR:process_memory_win.cc(73)] ReadMemory at 0x7ffffe930000 of 64 bytes failed: Only part of a ReadProcessMemory or WriteProcessMemory request was completed. (0x12B)
[0828/085458.909:WARNING:pe_image_reader.cc(340)] could not read dos header from C:\WINDOWS\SYSTEM32\UIAutomationCore.DLL
[0828/085458.909:ERROR:process_memory_win.cc(73)] ReadMemory at 0x7ff8147c0000 of 64 bytes failed: Only part of a ReadProcessMemory or WriteProcessMemory request was completed. (0x12B)
[0828/085458.909:WARNING:pe_image_reader.cc(340)] could not read dos header from C:\WINDOWS\SYSTEM32\DWrite.dll
[0828/085458.909:ERROR:process_memory_win.cc(73)] ReadMemory at 0x7ff81c1f0000 of 64 bytes failed: Only part of a ReadProcessMemory or WriteProcessMemory request was completed. (0x12B)
[0828/085458.909:WARNING:pe_image_reader.cc(340)] could not read dos header from C:\WINDOWS\SYSTEM32\WINSPOOL.DRV
[0828/085458.909:ERROR:process_memory_win.cc(73)] ReadMemory at 0x7ff825860000 of 64 bytes failed: Only part of a ReadProcessMemory or WriteProcessMemory request was completed. (0x12B)
[0828/085458.909:WARNING:pe_image_reader.cc(340)] could not read dos header from C:\WINDOWS\System32\kernel.appcore.dll
[0828/085458.909:ERROR:process_memory_win.cc(73)] ReadMemory at 0x7ff826680000 of 64 bytes failed: Only part of a ReadProcessMemory or WriteProcessMemory request was completed. (0x12B)
[0828/085458.909:WARNING:pe_image_reader.cc(340)] could not read dos header from C:\WINDOWS\System32\bcrypt.dll
[0828/085458.909:ERROR:process_memory_win.cc(73)] ReadMemory at 0x7ff823f60000 of 64 bytes failed: Only part of a ReadProcessMemory or WriteProcessMemory request was completed. (0x12B)
[0828/085458.909:WARNING:pe_image_reader.cc(340)] could not read dos header from C:\WINDOWS\SYSTEM32\dbghelp.dll
[0828/085458.910:ERROR:process_memory_win.cc(73)] ReadMemory at 0x7ff81af20000 of 64 bytes failed: Only part of a ReadProcessMemory or WriteProcessMemory request was completed. (0x12B)
[0828/085458.910:WARNING:pe_image_reader.cc(340)] could not read dos header from C:\WINDOWS\SYSTEM32\WINHTTP.dll
[0828/085458.910:ERROR:process_memory_win.cc(73)] ReadMemory at 0x7ff81c580000 of 64 bytes failed: Only part of a ReadProcessMemory or WriteProcessMemory request was completed. (0x12B)
[0828/085458.910:WARNING:pe_image_reader.cc(340)] could not read dos header from C:\WINDOWS\SYSTEM32\dhcpcsvc.DLL
[0828/085458.910:ERROR:process_memory_win.cc(73)] ReadMemory at 0x7ff828360000 of 64 bytes failed: Only part of a ReadProcessMemory or WriteProcessMemory request was completed. (0x12B)
[0828/085458.910:WARNING:pe_image_reader.cc(340)] could not read dos header from C:\WINDOWS\System32\NSI.dll
[0828/085458.910:ERROR:process_memory_win.cc(73)] ReadMemory at 0x7ff8208e0000 of 64 bytes failed: Only part of a ReadProcessMemory or WriteProcessMemory request was completed. (0x12B)
[0828/085458.910:WARNING:pe_image_reader.cc(340)] could not read dos header from C:\WINDOWS\SYSTEM32\WINMMBASE.dll
[0828/085458.910:ERROR:process_memory_win.cc(73)] ReadMemory at 0x7ff826520000 of 64 bytes failed: Only part of a ReadProcessMemory or WriteProcessMemory request was completed. (0x12B)
[0828/085458.910:WARNING:pe_image_reader.cc(340)] could not read dos header from C:\WINDOWS\System32\cfgmgr32.dll
[0828/085458.910:ERROR:process_memory_win.cc(73)] ReadMemory at 0x7ff821b80000 of 64 bytes failed: Only part of a ReadProcessMemory or WriteProcessMemory request was completed. (0x12B)
[0828/085458.910:WARNING:pe_image_reader.cc(340)] could not read dos header from C:\WINDOWS\SYSTEM32\PROPSYS.dll
[0828/085458.910:ERROR:process_memory_win.cc(73)] ReadMemory at 0x7ff827850000 of 64 bytes failed: Only part of a ReadProcessMemory or WriteProcessMemory request was completed. (0x12B)
[0828/085458.910:WARNING:pe_image_reader.cc(340)] could not read dos header from C:\WINDOWS\System32\shcore.dll
[0828/085458.910:ERROR:process_memory_win.cc(73)] ReadMemory at 0x7ff8256f0000 of 64 bytes failed: Only part of a ReadProcessMemory or WriteProcessMemory request was completed. (0x12B)
[0828/085458.910:WARNING:pe_image_reader.cc(340)] could not read dos header from C:\WINDOWS\SYSTEM32\SSPICLI.DLL
[0828/085458.910:ERROR:process_memory_win.cc(73)] ReadMemory at 0x7ff8251a0000 of 64 bytes failed: Only part of a ReadProcessMemory or WriteProcessMemory request was completed. (0x12B)
[0828/085458.910:WARNING:pe_image_reader.cc(340)] could not read dos header from C:\WINDOWS\SYSTEM32\CRYPTBASE.DLL
[0828/085458.925:ERROR:process_memory_win.cc(73)] ReadMemory at 0xc61f3ef000 of 69632 bytes failed: Only part of a ReadProcessMemory or WriteProcessMemory request was completed. (0x12B)
[0828/085458.925:ERROR:process_memory_win.cc(73)] ReadMemory at 0xc61fbfd000 of 12288 bytes failed: Only part of a ReadProcessMemory or WriteProcessMemory request was completed. (0x12B)
[0828/085458.926:ERROR:process_memory_win.cc(73)] ReadMemory at 0xc6203fb000 of 20480 bytes failed: Only part of a ReadProcessMemory or WriteProcessMemory request was completed. (0x12B)
[0828/085458.926:ERROR:process_memory_win.cc(73)] ReadMemory at 0xc620bfd000 of 12288 bytes failed: Only part of a ReadProcessMemory or WriteProcessMemory request was completed. (0x12B)
[0828/085458.926:ERROR:process_memory_win.cc(73)] ReadMemory at 0xc6213fc000 of 16384 bytes failed: Only part of a ReadProcessMemory or WriteProcessMemory request was completed. (0x12B)
[0828/085458.926:ERROR:process_memory_win.cc(73)] ReadMemory at 0xc621bff000 of 4096 bytes failed: Only part of a ReadProcessMemory or WriteProcessMemory request was completed. (0x12B)
[0828/085458.926:ERROR:process_memory_win.cc(73)] ReadMemory at 0xc6223fd000 of 12288 bytes failed: Only part of a ReadProcessMemory or WriteProcessMemory request was completed. (0x12B)
[0828/085458.926:ERROR:process_memory_win.cc(73)] ReadMemory at 0xc622bfb000 of 20480 bytes failed: Only part of a ReadProcessMemory or WriteProcessMemory request was completed. (0x12B)
[0828/085458.926:ERROR:process_memory_win.cc(73)] ReadMemory at 0xc6233fd000 of 12288 bytes failed: Only part of a ReadProcessMemory or WriteProcessMemory request was completed. (0x12B)
[0828/085458.926:ERROR:process_memory_win.cc(73)] ReadMemory at 0xc623bfb000 of 20480 bytes failed: Only part of a ReadProcessMemory or WriteProcessMemory request was completed. (0x12B)
[0828/085458.926:ERROR:process_memory_win.cc(73)] ReadMemory at 0xc6243fa000 of 24576 bytes failed: Only part of a ReadProcessMemory or WriteProcessMemory request was completed. (0x12B)
[0828/085458.926:ERROR:process_memory_win.cc(73)] ReadMemory at 0xc624bf9000 of 28672 bytes failed: Only part of a ReadProcessMemory or WriteProcessMemory request was completed. (0x12B)
[0828/085458.926:ERROR:process_memory_win.cc(73)] ReadMemory at 0xc6253fd000 of 12288 bytes failed: Only part of a ReadProcessMemory or WriteProcessMemory request was completed. (0x12B)
[0828/085458.926:ERROR:process_memory_win.cc(73)] ReadMemory at 0xc625bfa000 of 24576 bytes failed: Only part of a ReadProcessMemory or WriteProcessMemory request was completed. (0x12B)
[0828/085458.926:ERROR:process_memory_win.cc(73)] ReadMemory at 0xc6263fc000 of 16384 bytes failed: Only part of a ReadProcessMemory or WriteProcessMemory request was completed. (0x12B)
[0828/085458.926:ERROR:process_memory_win.cc(73)] ReadMemory at 0xc626bfc000 of 16384 bytes failed: Only part of a ReadProcessMemory or WriteProcessMemory request was completed. (0x12B)
[0828/085458.926:ERROR:process_memory_win.cc(73)] ReadMemory at 0xc6273fb000 of 20480 bytes failed: Only part of a ReadProcessMemory or WriteProcessMemory request was completed. (0x12B)
[0828/085458.926:ERROR:process_memory_win.cc(73)] ReadMemory at 0xc61eb78000 of 852 bytes failed: Only part of a ReadProcessMemory or WriteProcessMemory request was completed. (0x12B)
[0828/085458.926:ERROR:process_memory_win.cc(73)] ReadMemory at 0xc61eb79000 of 6024 bytes failed: Only part of a ReadProcessMemory or WriteProcessMemory request was completed. (0x12B)
[0828/085458.926:ERROR:process_memory_win.cc(73)] ReadMemory at 0xc61eb7b000 of 6024 bytes failed: Only part of a ReadProcessMemory or WriteProcessMemory request was completed. (0x12B)
[0828/085458.926:ERROR:process_memory_win.cc(73)] ReadMemory at 0xc61eb7d000 of 6024 bytes failed: Only part of a ReadProcessMemory or WriteProcessMemory request was completed. (0x12B)
[0828/085458.926:ERROR:process_memory_win.cc(73)] ReadMemory at 0xc61eb7f000 of 6024 bytes failed: Only part of a ReadProcessMemory or WriteProcessMemory request was completed. (0x12B)
[0828/085458.927:ERROR:process_memory_win.cc(73)] ReadMemory at 0xc61eb81000 of 6024 bytes failed: Only part of a ReadProcessMemory or WriteProcessMemory request was completed. (0x12B)
[0828/085458.927:ERROR:process_memory_win.cc(73)] ReadMemory at 0xc61eb83000 of 6024 bytes failed: Only part of a ReadProcessMemory or WriteProcessMemory request was completed. (0x12B)
[0828/085458.927:ERROR:process_memory_win.cc(73)] ReadMemory at 0xc61eb85000 of 6024 bytes failed: Only part of a ReadProcessMemory or WriteProcessMemory request was completed. (0x12B)
[0828/085458.927:ERROR:process_memory_win.cc(73)] ReadMemory at 0xc61eb87000 of 6024 bytes failed: Only part of a ReadProcessMemory or WriteProcessMemory request was completed. (0x12B)
[0828/085458.927:ERROR:process_memory_win.cc(73)] ReadMemory at 0xc61eb89000 of 6024 bytes failed: Only part of a ReadProcessMemory or WriteProcessMemory request was completed. (0x12B)
[0828/085458.927:ERROR:process_memory_win.cc(73)] ReadMemory at 0xc61eb8b000 of 6024 bytes failed: Only part of a ReadProcessMemory or WriteProcessMemory request was completed. (0x12B)
[0828/085458.928:ERROR:process_memory_win.cc(73)] ReadMemory at 0xc61eb8d000 of 6024 bytes failed: Only part of a ReadProcessMemory or WriteProcessMemory request was completed. (0x12B)
[0828/085458.928:ERROR:process_memory_win.cc(73)] ReadMemory at 0xc61eb8f000 of 6024 bytes failed: Only part of a ReadProcessMemory or WriteProcessMemory request was completed. (0x12B)
[0828/085458.928:ERROR:process_memory_win.cc(73)] ReadMemory at 0xc61eb91000 of 6024 bytes failed: Only part of a ReadProcessMemory or WriteProcessMemory request was completed. (0x12B)
[0828/085458.928:ERROR:process_memory_win.cc(73)] ReadMemory at 0xc61eb93000 of 6024 bytes failed: Only part of a ReadProcessMemory or WriteProcessMemory request was completed. (0x12B)
[0828/085458.928:ERROR:process_memory_win.cc(73)] ReadMemory at 0xc61eb95000 of 6024 bytes failed: Only part of a ReadProcessMemory or WriteProcessMemory request was completed. (0x12B)
[0828/085458.928:ERROR:process_memory_win.cc(73)] ReadMemory at 0xc61eb97000 of 6024 bytes failed: Only part of a ReadProcessMemory or WriteProcessMemory request was completed. (0x12B)
[0828/085458.928:ERROR:process_memory_win.cc(73)] ReadMemory at 0xc61eb99000 of 6024 bytes failed: Only part of a ReadProcessMemory or WriteProcessMemory request was completed. (0x12B)
[0828/085458.928:ERROR:process_memory_win.cc(73)] ReadMemory at 0x2bd99db0fe0 of 7802 bytes failed: Only part of a ReadProcessMemory or WriteProcessMemory request was completed. (0x12B)
[0828/085458.928:ERROR:process_memory_win.cc(73)] ReadMemory at 0x2bd99db2e70 of 1012 bytes failed: Only part of a ReadProcessMemory or WriteProcessMemory request was completed. (0x12B)
[0828/085458.928:ERROR:process_memory_win.cc(73)] ReadMemory at 0x2bd99db34b8 of 118 bytes failed: Only part of a ReadProcessMemory or WriteProcessMemory request was completed. (0x12B)
[0828/085458.928:ERROR:process_memory_win.cc(73)] ReadMemory at 0x2bd99db3530 of 848 bytes failed: Only part of a ReadProcessMemory or WriteProcessMemory request was completed. (0x12B)
[0828/085458.928:ERROR:process_memory_win.cc(73)] ReadMemory at 0x2bd99db3882 of 118 bytes failed: Only part of a ReadProcessMemory or WriteProcessMemory request was completed. (0x12B)
[0828/085458.928:ERROR:process_memory_win.cc(73)] ReadMemory at 0x2bd99db38fa of 100 bytes failed: Only part of a ReadProcessMemory or WriteProcessMemory request was completed. (0x12B)
[0828/085458.928:ERROR:process_memory_win.cc(73)] ReadMemory at 0x2bd99db3970 of 58 bytes failed: Only part of a ReadProcessMemory or WriteProcessMemory request was completed. (0x12B)
[0828/085458.928:ERROR:process_memory_win.cc(73)] ReadMemory at 0x2bd99db3a70 of 132 bytes failed: Only part of a ReadProcessMemory or WriteProcessMemory request was completed. (0x12B)
[0828/085458.928:ERROR:process_memory_win.cc(73)] ReadMemory at 0x2bd99db3c00 of 132 bytes failed: Only part of a ReadProcessMemory or WriteProcessMemory request was completed. (0x12B)
[0828/085458.928:ERROR:process_memory_win.cc(73)] ReadMemory at 0x2bd99db3dc0 of 126 bytes failed: Only part of a ReadProcessMemory or WriteProcessMemory request was completed. (0x12B)
[0828/085458.928:ERROR:process_memory_win.cc(73)] ReadMemory at 0x2bd99db41a0 of 132 bytes failed: Only part of a ReadProcessMemory or WriteProcessMemory request was completed. (0x12B)
[0828/085458.929:ERROR:process_memory_win.cc(73)] ReadMemory at 0x2bd99db4330 of 64 bytes failed: Only part of a ReadProcessMemory or WriteProcessMemory request was completed. (0x12B)
[0828/085458.929:ERROR:process_memory_win.cc(73)] ReadMemory at 0x2bd99db44f0 of 132 bytes failed: Only part of a ReadProcessMemory or WriteProcessMemory request was completed. (0x12B)
[0828/085458.929:ERROR:process_memory_win.cc(73)] ReadMemory at 0x2bd99db4790 of 132 bytes failed: Only part of a ReadProcessMemory or WriteProcessMemory request was completed. (0x12B)
[0828/085458.929:ERROR:process_memory_win.cc(73)] ReadMemory at 0x2bd99db4920 of 68 bytes failed: Only part of a ReadProcessMemory or WriteProcessMemory request was completed. (0x12B)
[0828/085458.929:ERROR:process_memory_win.cc(73)] ReadMemory at 0x2bd99db5a30 of 132 bytes failed: Only part of a ReadProcessMemory or WriteProcessMemory request was completed. (0x12B)
[0828/085458.929:ERROR:process_memory_win.cc(73)] ReadMemory at 0x2bd99db5bc0 of 154 bytes failed: Only part of a ReadProcessMemory or WriteProcessMemory request was completed. (0x12B)
[0828/085458.929:ERROR:process_memory_win.cc(73)] ReadMemory at 0x2bd99db84d0 of 62 bytes failed: Only part of a ReadProcessMemory or WriteProcessMemory request was completed. (0x12B)
[0828/085458.929:ERROR:process_memory_win.cc(73)] ReadMemory at 0x2bd99db86c0 of 132 bytes failed: Only part of a ReadProcessMemory or WriteProcessMemory request was completed. (0x12B)
[0828/085458.929:ERROR:process_memory_win.cc(73)] ReadMemory at 0x2bd99db87f0 of 60 bytes failed: Only part of a ReadProcessMemory or WriteProcessMemory request was completed. (0x12B)
[0828/085458.929:ERROR:process_memory_win.cc(73)] ReadMemory at 0x2bd99dbce10 of 54 bytes failed: Only part of a ReadProcessMemory or WriteProcessMemory request was completed. (0x12B)
[0828/085458.929:ERROR:process_memory_win.cc(73)] ReadMemory at 0x2bd99dc4910 of 132 bytes failed: Only part of a ReadProcessMemory or WriteProcessMemory request was completed. (0x12B)
[0828/085458.929:ERROR:process_memory_win.cc(73)] ReadMemory at 0x2bd99dc4e60 of 132 bytes failed: Only part of a ReadProcessMemory or WriteProcessMemory request was completed. (0x12B)
[0828/085458.929:ERROR:process_memory_win.cc(73)] ReadMemory at 0x2bd99dc5a00 of 132 bytes failed: Only part of a ReadProcessMemory or WriteProcessMemory request was completed. (0x12B)
[0828/085458.929:ERROR:process_memory_win.cc(73)] ReadMemory at 0x2bd99dc5bd0 of 132 bytes failed: Only part of a ReadProcessMemory or WriteProcessMemory request was completed. (0x12B)
[0828/085458.929:ERROR:process_memory_win.cc(73)] ReadMemory at 0x2bd99dc5e60 of 132 bytes failed: Only part of a ReadProcessMemory or WriteProcessMemory request was completed. (0x12B)
[0828/085458.930:ERROR:process_memory_win.cc(73)] ReadMemory at 0x2bd99dc61b0 of 132 bytes failed: Only part of a ReadProcessMemory or WriteProcessMemory request was completed. (0x12B)
[0828/085458.930:ERROR:process_memory_win.cc(73)] ReadMemory at 0x2bd99dc63d0 of 132 bytes failed: Only part of a ReadProcessMemory or WriteProcessMemory request was completed. (0x12B)
[0828/085458.930:ERROR:process_memory_win.cc(73)] ReadMemory at 0x2bd99dc65f0 of 132 bytes failed: Only part of a ReadProcessMemory or WriteProcessMemory request was completed. (0x12B)
[0828/085458.930:ERROR:process_memory_win.cc(73)] ReadMemory at 0x2bd99dc6fa0 of 80 bytes failed: Only part of a ReadProcessMemory or WriteProcessMemory request was completed. (0x12B)
[0828/085458.931:ERROR:process_memory_win.cc(73)] ReadMemory at 0x2bd99dc7300 of 80 bytes failed: Only part of a ReadProcessMemory or WriteProcessMemory request was completed. (0x12B)
[0828/085458.931:ERROR:process_memory_win.cc(73)] ReadMemory at 0x2bd99dc7360 of 76 bytes failed: Only part of a ReadProcessMemory or WriteProcessMemory request was completed. (0x12B)
[0828/085458.931:ERROR:process_memory_win.cc(73)] ReadMemory at 0x2bd99dc8ee0 of 132 bytes failed: Only part of a ReadProcessMemory or WriteProcessMemory request was completed. (0x12B)
[0828/085458.931:ERROR:process_memory_win.cc(73)] ReadMemory at 0x2bd99dc9010 of 132 bytes failed: Only part of a ReadProcessMemory or WriteProcessMemory request was completed. (0x12B)
[0828/085458.931:ERROR:process_memory_win.cc(73)] ReadMemory at 0x2bd99dc9140 of 132 bytes failed: Only part of a ReadProcessMemory or WriteProcessMemory request was completed. (0x12B)
[0828/085458.931:ERROR:process_memory_win.cc(73)] ReadMemory at 0x2bd99dc9270 of 132 bytes failed: Only part of a ReadProcessMemory or WriteProcessMemory request was completed. (0x12B)
[0828/085458.931:ERROR:process_memory_win.cc(73)] ReadMemory at 0x2bd99dc93a0 of 132 bytes failed: Only part of a ReadProcessMemory or WriteProcessMemory request was completed. (0x12B)
[0828/085458.931:ERROR:process_memory_win.cc(73)] ReadMemory at 0x2bd99dc94d0 of 132 bytes failed: Only part of a ReadProcessMemory or WriteProcessMemory request was completed. (0x12B)
[0828/085458.931:ERROR:process_memory_win.cc(73)] ReadMemory at 0x2bd99dc9600 of 132 bytes failed: Only part of a ReadProcessMemory or WriteProcessMemory request was completed. (0x12B)
[0828/085458.931:ERROR:process_memory_win.cc(73)] ReadMemory at 0x2bd99dc9730 of 132 bytes failed: Only part of a ReadProcessMemory or WriteProcessMemory request was completed. (0x12B)
[0828/085458.931:ERROR:process_memory_win.cc(73)] ReadMemory at 0x2bd99dc9860 of 132 bytes failed: Only part of a ReadProcessMemory or WriteProcessMemory request was completed. (0x12B)
[0828/085458.931:ERROR:process_memory_win.cc(73)] ReadMemory at 0x2bd99dc9990 of 132 bytes failed: Only part of a ReadProcessMemory or WriteProcessMemory request was completed. (0x12B)
[0828/085458.931:ERROR:process_memory_win.cc(73)] ReadMemory at 0x2bd99dc9ac0 of 132 bytes failed: Only part of a ReadProcessMemory or WriteProcessMemory request was completed. (0x12B)
[0828/085458.931:ERROR:process_memory_win.cc(73)] ReadMemory at 0x2bd99dc9bf0 of 132 bytes failed: Only part of a ReadProcessMemory or WriteProcessMemory request was completed. (0x12B)
[0828/085458.931:ERROR:process_memory_win.cc(73)] ReadMemory at 0x2bd99dca880 of 62 bytes failed: Only part of a ReadProcessMemory or WriteProcessMemory request was completed. (0x12B)
[0828/085458.931:ERROR:process_memory_win.cc(73)] ReadMemory at 0x2bd99dca8d0 of 60 bytes failed: Only part of a ReadProcessMemory or WriteProcessMemory request was completed. (0x12B)
[0828/085458.931:ERROR:process_memory_win.cc(73)] ReadMemory at 0x2bd99dca920 of 62 bytes failed: Only part of a ReadProcessMemory or WriteProcessMemory request was completed. (0x12B)
[0828/085458.931:ERROR:process_memory_win.cc(73)] ReadMemory at 0x2bd99dca9c0 of 66 bytes failed: Only part of a ReadProcessMemory or WriteProcessMemory request was completed. (0x12B)
[0828/085458.931:ERROR:process_memory_win.cc(73)] ReadMemory at 0x2bd99dcaa10 of 66 bytes failed: Only part of a ReadProcessMemory or WriteProcessMemory request was completed. (0x12B)
[0828/085458.931:ERROR:process_memory_win.cc(73)] ReadMemory at 0x2bd99dcaab0 of 60 bytes failed: Only part of a ReadProcessMemory or WriteProcessMemory request was completed. (0x12B)
[0828/085458.932:ERROR:process_memory_win.cc(73)] ReadMemory at 0x2bd99dcab50 of 60 bytes failed: Only part of a ReadProcessMemory or WriteProcessMemory request was completed. (0x12B)
[0828/085458.932:ERROR:process_memory_win.cc(73)] ReadMemory at 0x2bd99dcaba0 of 64 bytes failed: Only part of a ReadProcessMemory or WriteProcessMemory request was completed. (0x12B)
[0828/085458.932:ERROR:process_memory_win.cc(73)] ReadMemory at 0x2bd99dcabf0 of 62 bytes failed: Only part of a ReadProcessMemory or WriteProcessMemory request was completed. (0x12B)
[0828/085458.932:ERROR:process_memory_win.cc(73)] ReadMemory at 0x2bd99dcac40 of 62 bytes failed: Only part of a ReadProcessMemory or WriteProcessMemory request was completed. (0x12B)
[0828/085458.932:ERROR:process_memory_win.cc(73)] ReadMemory at 0x2bd99dcac90 of 62 bytes failed: Only part of a ReadProcessMemory or WriteProcessMemory request was completed. (0x12B)
[0828/085458.932:ERROR:process_memory_win.cc(73)] ReadMemory at 0x2bd99dcace0 of 60 bytes failed: Only part of a ReadProcessMemory or WriteProcessMemory request was completed. (0x12B)
[0828/085458.932:ERROR:process_memory_win.cc(73)] ReadMemory at 0x2bd99dcae20 of 62 bytes failed: Only part of a ReadProcessMemory or WriteProcessMemory request was completed. (0x12B)
[0828/085458.932:ERROR:process_memory_win.cc(73)] ReadMemory at 0x2bd99dcaf10 of 62 bytes failed: Only part of a ReadProcessMemory or WriteProcessMemory request was completed. (0x12B)
[0828/085458.932:ERROR:process_memory_win.cc(73)] ReadMemory at 0x2bd99dcafb0 of 60 bytes failed: Only part of a ReadProcessMemory or WriteProcessMemory request was completed. (0x12B)
[0828/085458.932:ERROR:process_memory_win.cc(73)] ReadMemory at 0x2bd99dcb050 of 64 bytes failed: Only part of a ReadProcessMemory or WriteProcessMemory request was completed. (0x12B)
[0828/085458.932:ERROR:process_memory_win.cc(73)] ReadMemory at 0x2bd99dcb140 of 64 bytes failed: Only part of a ReadProcessMemory or WriteProcessMemory request was completed. (0x12B)
[0828/085458.932:ERROR:process_memory_win.cc(73)] ReadMemory at 0x2bd99dcb190 of 64 bytes failed: Only part of a ReadProcessMemory or WriteProcessMemory request was completed. (0x12B)
[0828/085458.932:ERROR:process_memory_win.cc(73)] ReadMemory at 0x2bd99dcb1e0 of 60 bytes failed: Only part of a ReadProcessMemory or WriteProcessMemory request was completed. (0x12B)
[0828/085458.932:ERROR:process_memory_win.cc(73)] ReadMemory at 0x2bd99dcb2d0 of 62 bytes failed: Only part of a ReadProcessMemory or WriteProcessMemory request was completed. (0x12B)
[0828/085458.933:ERROR:process_memory_win.cc(73)] ReadMemory at 0x2bd99dcb320 of 64 bytes failed: Only part of a ReadProcessMemory or WriteProcessMemory request was completed. (0x12B)
[0828/085458.933:ERROR:process_memory_win.cc(73)] ReadMemory at 0x2bd99dcb370 of 64 bytes failed: Only part of a ReadProcessMemory or WriteProcessMemory request was completed. (0x12B)
[0828/085458.933:ERROR:process_memory_win.cc(73)] ReadMemory at 0x2bd99dcb3c0 of 64 bytes failed: Only part of a ReadProcessMemory or WriteProcessMemory request was completed. (0x12B)
[0828/085458.933:ERROR:process_memory_win.cc(73)] ReadMemory at 0x2bd99dcb460 of 62 bytes failed: Only part of a ReadProcessMemory or WriteProcessMemory request was completed. (0x12B)
[0828/085458.933:ERROR:process_memory_win.cc(73)] ReadMemory at 0x2bd99dcb4b0 of 64 bytes failed: Only part of a ReadProcessMemory or WriteProcessMemory request was completed. (0x12B)
[0828/085458.933:ERROR:process_memory_win.cc(73)] ReadMemory at 0x2bd99dcb640 of 62 bytes failed: Only part of a ReadProcessMemory or WriteProcessMemory request was completed. (0x12B)
[0828/085458.933:ERROR:process_memory_win.cc(73)] ReadMemory at 0x2bd99dcb7d0 of 58 bytes failed: Only part of a ReadProcessMemory or WriteProcessMemory request was completed. (0x12B)
[0828/085458.933:ERROR:process_memory_win.cc(73)] ReadMemory at 0x2bd99dcbf90 of 132 bytes failed: Only part of a ReadProcessMemory or WriteProcessMemory request was completed. (0x12B)
[0828/085458.933:ERROR:process_memory_win.cc(73)] ReadMemory at 0x2bd99dcc1a0 of 132 bytes failed: Only part of a ReadProcessMemory or WriteProcessMemory request was completed. (0x12B)
[0828/085458.933:ERROR:process_memory_win.cc(73)] ReadMemory at 0x2bd99dd3ee0 of 146 bytes failed: Only part of a ReadProcessMemory or WriteProcessMemory request was completed. (0x12B)
[0828/085458.933:ERROR:process_memory_win.cc(73)] ReadMemory at 0x2bd99dd5290 of 132 bytes failed: Only part of a ReadProcessMemory or WriteProcessMemory request was completed. (0x12B)
[0828/085458.933:ERROR:process_memory_win.cc(73)] ReadMemory at 0x2bd99dd53c0 of 132 bytes failed: Only part of a ReadProcessMemory or WriteProcessMemory request was completed. (0x12B)
[0828/085458.933:ERROR:process_memory_win.cc(73)] ReadMemory at 0x2bd99dd59b0 of 132 bytes failed: Only part of a ReadProcessMemory or WriteProcessMemory request was completed. (0x12B)
[0828/085458.933:ERROR:process_memory_win.cc(73)] ReadMemory at 0x2bd99dd5ae0 of 132 bytes failed: Only part of a ReadProcessMemory or WriteProcessMemory request was completed. (0x12B)
[0828/085458.933:ERROR:process_memory_win.cc(73)] ReadMemory at 0x2bd99dd5c10 of 132 bytes failed: Only part of a ReadProcessMemory or WriteProcessMemory request was completed. (0x12B)
[0828/085458.933:ERROR:process_memory_win.cc(73)] ReadMemory at 0x2bd99dd5d40 of 132 bytes failed: Only part of a ReadProcessMemory or WriteProcessMemory request was completed. (0x12B)
[0828/085458.934:ERROR:process_memory_win.cc(73)] ReadMemory at 0x2bd99dd5e70 of 132 bytes failed: Only part of a ReadProcessMemory or WriteProcessMemory request was completed. (0x12B)
[0828/085458.934:ERROR:process_memory_win.cc(73)] ReadMemory at 0x2bd99dd5fa0 of 132 bytes failed: Only part of a ReadProcessMemory or WriteProcessMemory request was completed. (0x12B)
[0828/085458.934:ERROR:process_memory_win.cc(73)] ReadMemory at 0x2bd99dd60d0 of 132 bytes failed: Only part of a ReadProcessMemory or WriteProcessMemory request was completed. (0x12B)
[0828/085458.934:ERROR:process_memory_win.cc(73)] ReadMemory at 0x2bd99dd6590 of 132 bytes failed: Only part of a ReadProcessMemory or WriteProcessMemory request was completed. (0x12B)
[0828/085458.934:ERROR:process_memory_win.cc(73)] ReadMemory at 0x2bd99dea0a0 of 512 bytes failed: Only part of a ReadProcessMemory or WriteProcessMemory request was completed. (0x12B)
[0828/085458.934:ERROR:process_memory_win.cc(73)] ReadMemory at 0x2bd99e28220 of 512 bytes failed: Only part of a ReadProcessMemory or WriteProcessMemory request was completed. (0x12B)
[0828/085458.934:ERROR:process_memory_win.cc(73)] ReadMemory at 0x2bd99e39550 of 512 bytes failed: Only part of a ReadProcessMemory or WriteProcessMemory request was completed. (0x12B)
[0828/085458.934:ERROR:process_memory_win.cc(73)] ReadMemory at 0x2bd99e48fb0 of 512 bytes failed: Only part of a ReadProcessMemory or WriteProcessMemory request was completed. (0x12B)
[0828/085458.934:ERROR:process_memory_win.cc(73)] ReadMemory at 0x2bd99e4a500 of 512 bytes failed: Only part of a ReadProcessMemory or WriteProcessMemory request was completed. (0x12B)
[0828/085458.934:ERROR:process_memory_win.cc(73)] ReadMemory at 0x2bd99e5db60 of 712 bytes failed: Only part of a ReadProcessMemory or WriteProcessMemory request was completed. (0x12B)
[0828/085458.934:ERROR:process_memory_win.cc(73)] ReadMemory at 0x2bd99e5f300 of 512 bytes failed: Only part of a ReadProcessMemory or WriteProcessMemory request was completed. (0x12B)
[0828/085458.934:ERROR:process_memory_win.cc(73)] ReadMemory at 0x2bd99f822c0 of 896 bytes failed: Only part of a ReadProcessMemory or WriteProcessMemory request was completed. (0x12B)
[0828/085458.934:ERROR:process_memory_win.cc(73)] ReadMemory at 0x2bd99f82740 of 512 bytes failed: Only part of a ReadProcessMemory or WriteProcessMemory request was completed. (0x12B)
[0828/085458.934:ERROR:process_memory_win.cc(73)] ReadMemory at 0x2bd9b760000 of 384 bytes failed: Only part of a ReadProcessMemory or WriteProcessMemory request was completed. (0x12B)
[0828/085458.935:ERROR:process_memory_win.cc(73)] ReadMemory at 0x2bd9b76c660 of 512 bytes failed: Only part of a ReadProcessMemory or WriteProcessMemory request was completed. (0x12B)
[0828/085458.935:ERROR:process_memory_win.cc(73)] ReadMemory at 0x2bd9baf1c20 of 512 bytes failed: Only part of a ReadProcessMemory or WriteProcessMemory request was completed. (0x12B)
[0828/085458.935:ERROR:process_memory_win.cc(73)] ReadMemory at 0x2bd9c7278c0 of 512 bytes failed: Only part of a ReadProcessMemory or WriteProcessMemory request was completed. (0x12B)
[0828/085458.935:ERROR:process_memory_win.cc(73)] ReadMemory at 0x7ff825b0c6d0 of 512 bytes failed: Only part of a ReadProcessMemory or WriteProcessMemory request was completed. (0x12B)
[0828/085458.935:ERROR:process_memory_win.cc(73)] ReadMemory at 0x7ff8289bc074 of 832 bytes failed: Only part of a ReadProcessMemory or WriteProcessMemory request was completed. (0x12B)
[0828/085458.935:ERROR:process_memory_win.cc(73)] ReadMemory at 0x7ff8289bc674 of 512 bytes failed: Only part of a ReadProcessMemory or WriteProcessMemory request was completed. (0x12B)
[0828/085458.935:ERROR:process_memory_win.cc(73)] ReadMemory at 0x7ff8289bf924 of 608 bytes failed: Only part of a ReadProcessMemory or WriteProcessMemory request was completed. (0x12B)
[0828/085458.935:ERROR:process_memory_win.cc(73)] ReadMemory at 0x7ff828a4c428 of 18 bytes failed: Only part of a ReadProcessMemory or WriteProcessMemory request was completed. (0x12B)
[0828/085458.935:ERROR:process_memory_win.cc(73)] ReadMemory at 0x7ff828a7f4f8 of 40 bytes failed: Only part of a ReadProcessMemory or WriteProcessMemory request was completed. (0x12B)
[0828/085458.935:ERROR:process_memory_win.cc(73)] ReadMemory at 0x7ff828a7f978 of 48 bytes failed: Only part of a ReadProcessMemory or WriteProcessMemory request was completed. (0x12B)
[0828/085458.935:ERROR:process_memory_win.cc(73)] ReadMemory at 0x7ff828a853c0 of 64 bytes failed: Only part of a ReadProcessMemory or WriteProcessMemory request was completed. (0x12B)
[0828/085458.935:ERROR:process_memory_win.cc(73)] ReadMemory at 0x7fffbc93f6e4 of 512 bytes failed: Only part of a ReadProcessMemory or WriteProcessMemory request was completed. (0x12B)
[0828/085458.935:ERROR:process_memory_win.cc(73)] ReadMemory at 0x7fffbccaddce of 512 bytes failed: Only part of a ReadProcessMemory or WriteProcessMemory request was completed. (0x12B)
[0828/085458.935:ERROR:process_memory_win.cc(73)] ReadMemory at 0x7fffbfbac237 of 512 bytes failed: Only part of a ReadProcessMemory or WriteProcessMemory request was completed. (0x12B)
[0828/085458.935:ERROR:process_memory_win.cc(73)] ReadMemory at 0x7fffc0f60448 of 512 bytes failed: Only part of a ReadProcessMemory or WriteProcessMemory request was completed. (0x12B)
[0828/085458.936:ERROR:process_memory_win.cc(73)] ReadMemory at 0x7fffc1378978 of 512 bytes failed: Only part of a ReadProcessMemory or WriteProcessMemory request was completed. (0x12B)
[0828/085458.936:ERROR:process_memory_win.cc(73)] ReadMemory at 0x7fffc1fd9f78 of 512 bytes failed: Only part of a ReadProcessMemory or WriteProcessMemory request was completed. (0x12B)
[0828/085458.937:ERROR:scoped_process_suspend.cc(40)] NtResumeProcess: An attempt was made to access an exiting process. (0xc000010a)
